<?xml version="1.0" encoding="UTF-8"?>
<testsuite xmlns:xsi="http://www.w3.org/2001/XMLSchema-instance" xsi:noNamespaceSchemaLocation="https://maven.apache.org/surefire/maven-surefire-plugin/xsd/surefire-test-report-3.0.xsd" version="3.0" name="com.example.file_diver.FileDiverApplicationTests" time="6.466" tests="1" errors="0" skipped="0" failures="0">
  <properties>
[...]
</properties>
  <testcase name="contextLoads" classname="com.example.file_diver.FileDiverApplicationTests" time="0.497">
    <system-out><![CDATA[22:40:07.345 [main] INFO org.springframework.test.context.support.AnnotationConfigContextLoaderUtils -- Could not detect default configuration classes for test class [com.example.file_diver.FileDiverApplicationTests]: FileDiverApplicationTests does not declare any static, non-private, non-final, nested classes annotated with @Configuration.
22:40:07.480 [main] INFO org.springframework.boot.test.context.SpringBootTestContextBootstrapper -- Found @SpringBootConfiguration com.example.file_diver.FileDiverApplication for test class com.example.file_diver.FileDiverApplicationTests
22:40:07.716 [main] INFO org.springframework.boot.devtools.restart.RestartApplicationListener -- Restart disabled due to context in which it is running

  .   ____          _            __ _ _
 /\\ / ___'_ __ _ _(_)_ __  __ _ \ \ \ \
( ( )\___ | '_ | '_| | '_ \/ _` | \ \ \ \
 \\/  ___)| |_)| | | | | || (_| |  ) ) ) )
  '  |____| .__|_| |_|_| |_\__, | / / / /
 =========|_|==============|___/=/_/_/_/

 :: Spring Boot ::                (v3.3.4)

2024-11-09T22:40:08.013+05:30  INFO 16748 --- [file-diver] [           main] c.e.f.FileDiverApplicationTests          : Starting FileDiverApplicationTests using Java 17.0.3 with PID 16748 (started by manas in C:\Users\manas\OneDrive\Documents\Programming\Projects\file-diver)
2024-11-09T22:40:08.015+05:30  INFO 16748 --- [file-diver] [           main] c.e.f.FileDiverApplicationTests          : No active profile set, falling back to 1 default profile: "default"
2024-11-09T22:40:08.875+05:30  INFO 16748 --- [file-diver] [           main] .s.d.r.c.RepositoryConfigurationDelegate : Bootstrapping Spring Data JPA repositories in DEFAULT mode.
2024-11-09T22:40:08.961+05:30  INFO 16748 --- [file-diver] [           main] .s.d.r.c.RepositoryConfigurationDelegate : Finished Spring Data repository scanning in 76 ms. Found 2 JPA repository interfaces.
2024-11-09T22:40:09.545+05:30  INFO 16748 --- [file-diver] [           main] o.hibernate.jpa.internal.util.LogHelper  : HHH000204: Processing PersistenceUnitInfo [name: default]
2024-11-09T22:40:09.641+05:30  INFO 16748 --- [file-diver] [           main] org.hibernate.Version                    : HHH000412: Hibernate ORM core version 6.5.3.Final
2024-11-09T22:40:09.692+05:30  INFO 16748 --- [file-diver] [           main] o.h.c.internal.RegionFactoryInitiator    : HHH000026: Second-level cache disabled
2024-11-09T22:40:10.160+05:30  INFO 16748 --- [file-diver] [           main] o.s.o.j.p.SpringPersistenceUnitInfo      : No LoadTimeWeaver setup: ignoring JPA class transformer
2024-11-09T22:40:10.205+05:30  INFO 16748 --- [file-diver] [           main] com.zaxxer.hikari.HikariDataSource       : HikariPool-1 - Starting...
2024-11-09T22:40:10.651+05:30  INFO 16748 --- [file-diver] [           main] com.zaxxer.hikari.pool.HikariPool        : HikariPool-1 - Added connection com.mysql.cj.jdbc.ConnectionImpl@6c421123
2024-11-09T22:40:10.656+05:30  INFO 16748 --- [file-diver] [           main] com.zaxxer.hikari.HikariDataSource       : HikariPool-1 - Start completed.
2024-11-09T22:40:10.740+05:30  WARN 16748 --- [file-diver] [           main] org.hibernate.orm.deprecation            : HHH90000025: MySQLDialect does not need to be specified explicitly using 'hibernate.dialect' (remove the property setting and it will be selected by default)
2024-11-09T22:40:11.941+05:30  INFO 16748 --- [file-diver] [           main] o.h.e.t.j.p.i.JtaPlatformInitiator       : HHH000489: No JTA platform available (set 'hibernate.transaction.jta.platform' to enable JTA platform integration)
2024-11-09T22:40:11.980+05:30  INFO 16748 --- [file-diver] [           main] j.LocalContainerEntityManagerFactoryBean : Initialized JPA EntityManagerFactory for persistence unit 'default'
2024-11-09T22:40:12.575+05:30  WARN 16748 --- [file-diver] [           main] JpaBaseConfiguration$JpaWebConfiguration : spring.jpa.open-in-view is enabled by default. Therefore, database queries may be performed during view rendering. Explicitly configure spring.jpa.open-in-view to disable this warning
2024-11-09T22:40:12.603+05:30  INFO 16748 --- [file-diver] [           main] o.s.b.a.w.s.WelcomePageHandlerMapping    : Adding welcome page: class path resource [static/index.html]
2024-11-09T22:40:13.029+05:30  INFO 16748 --- [file-diver] [           main] c.e.f.FileDiverApplicationTests          : Started FileDiverApplicationTests in 5.329 seconds (process running for 6.596)
Desktop is not supported on this platform, cannot open browser.
]]></system-out>
  </testcase>
</testsuite>